{"name": "User can select and search in a department -- @1.1 ", "status": "broken", "statusDetails": {"message": "selenium.common.exceptions.ElementNotInteractableException: Message: Element <option> could not be scrolled into view\nStacktrace:\nRemoteError@chrome://remote/content/shared/RemoteError.sys.mjs:8:8\nWebDriverError@chrome://remote/content/shared/webdriver/Errors.sys.mjs:180:5\nElementNotInteractableError@chrome://remote/content/shared/webdriver/Errors.sys.mjs:290:5\nwebdriverClickElement@chrome://remote/content/marionette/interaction.sys.mjs:150:11\ninteraction.clickElement@chrome://remote/content/marionette/interaction.sys.mjs:119:11\nclickElement@chrome://remote/content/marionette/actors/MarionetteCommandsChild.sys.mjs:208:29\nreceiveMessage@chrome://remote/content/marionette/actors/MarionetteCommandsChild.sys.mjs:97:31\n\n", "trace": "  File \"/Library/Python/3.9/site-packages/behave/model.py\", line 1329, in run\n    match.run(runner.context)\n  File \"/Library/Python/3.9/site-packages/behave/matchers.py\", line 98, in run\n    self.func(context, *args, **kwargs)\n  File \"features/steps/amazon_main_search.py\", line 32, in select_dept\n    context.app.header.select_dept(alias)\n  File \"/Users/laurautarbayeva/Desktop/Careerist_New/python-selenium-automation/pages/header.py\", line 42, in select_dept\n    select.select_by_value(f'search-alias={alias}')\n  File \"/Library/Python/3.9/site-packages/selenium/webdriver/support/select.py\", line 76, in select_by_value\n    self._set_selected(opt)\n  File \"/Library/Python/3.9/site-packages/selenium/webdriver/support/select.py\", line 211, in _set_selected\n    option.click()\n  File \"/Library/Python/3.9/site-packages/selenium/webdriver/remote/webelement.py\", line 93, in click\n    self._execute(Command.CLICK_ELEMENT)\n  File \"/Library/Python/3.9/site-packages/selenium/webdriver/remote/webelement.py\", line 403, in _execute\n    return self._parent.execute(command, params)\n  File \"/Library/Python/3.9/site-packages/selenium/webdriver/remote/webdriver.py\", line 440, in execute\n    self.error_handler.check_response(response)\n  File \"/Library/Python/3.9/site-packages/selenium/webdriver/remote/errorhandler.py\", line 245, in check_response\n    raise exception_class(message, screen, stacktrace)\n"}, "steps": [{"name": "Given Open Amazon", "status": "passed", "start": 1680741380187, "stop": 1680741381597}, {"name": "When Select department by stripbooks", "status": "broken", "statusDetails": {"message": "selenium.common.exceptions.ElementNotInteractableException: Message: Element <option> could not be scrolled into view\nStacktrace:\nRemoteError@chrome://remote/content/shared/RemoteError.sys.mjs:8:8\nWebDriverError@chrome://remote/content/shared/webdriver/Errors.sys.mjs:180:5\nElementNotInteractableError@chrome://remote/content/shared/webdriver/Errors.sys.mjs:290:5\nwebdriverClickElement@chrome://remote/content/marionette/interaction.sys.mjs:150:11\ninteraction.clickElement@chrome://remote/content/marionette/interaction.sys.mjs:119:11\nclickElement@chrome://remote/content/marionette/actors/MarionetteCommandsChild.sys.mjs:208:29\nreceiveMessage@chrome://remote/content/marionette/actors/MarionetteCommandsChild.sys.mjs:97:31\n\n", "trace": "  File \"/Library/Python/3.9/site-packages/behave/model.py\", line 1329, in run\n    match.run(runner.context)\n  File \"/Library/Python/3.9/site-packages/behave/matchers.py\", line 98, in run\n    self.func(context, *args, **kwargs)\n  File \"features/steps/amazon_main_search.py\", line 32, in select_dept\n    context.app.header.select_dept(alias)\n  File \"/Users/laurautarbayeva/Desktop/Careerist_New/python-selenium-automation/pages/header.py\", line 42, in select_dept\n    select.select_by_value(f'search-alias={alias}')\n  File \"/Library/Python/3.9/site-packages/selenium/webdriver/support/select.py\", line 76, in select_by_value\n    self._set_selected(opt)\n  File \"/Library/Python/3.9/site-packages/selenium/webdriver/support/select.py\", line 211, in _set_selected\n    option.click()\n  File \"/Library/Python/3.9/site-packages/selenium/webdriver/remote/webelement.py\", line 93, in click\n    self._execute(Command.CLICK_ELEMENT)\n  File \"/Library/Python/3.9/site-packages/selenium/webdriver/remote/webelement.py\", line 403, in _execute\n    return self._parent.execute(command, params)\n  File \"/Library/Python/3.9/site-packages/selenium/webdriver/remote/webdriver.py\", line 440, in execute\n    self.error_handler.check_response(response)\n  File \"/Library/Python/3.9/site-packages/selenium/webdriver/remote/errorhandler.py\", line 245, in check_response\n    raise exception_class(message, screen, stacktrace)\n"}, "start": 1680741381597, "stop": 1680741384666}, {"name": "And Search for Faust in amazon page", "status": "skipped", "start": 1680741385106, "stop": 1680741385106}, {"name": "Then Verify books department is selected", "status": "skipped", "start": 1680741385106, "stop": 1680741385106}], "parameters": [{"name": "dept_alias", "value": "stripbooks"}, {"name": "search_query", "value": "Faust"}, {"name": "selected_dept", "value": "books"}], "start": 1680741378097, "stop": 1680741385106, "uuid": "cef106c2-86e5-481a-91db-5bd901e46c5a", "historyId": "d56c64b4ada4166ed33dd942ab27fd35", "fullName": "Tests for Amazon search: User can select and search in a department", "labels": [{"name": "severity", "value": "normal"}, {"name": "feature", "value": "Tests for Amazon search"}, {"name": "framework", "value": "behave"}, {"name": "language", "value": "cpython3"}]}